-------------------------------------------------------------------------------
Test set: integration.UserApiIntegrationTest
-------------------------------------------------------------------------------
Tests run: 3, Failures: 1, Errors: 2, Skipped: 0, Time elapsed: 0.220 s <<< FAILURE! -- in integration.UserApiIntegrationTest
integration.UserApiIntegrationTest.testCreateUser -- Time elapsed: 0.106 s <<< FAILURE!
org.opentest4j.AssertionFailedError: expected: <true> but was: <false>
	at org.junit.jupiter.api.AssertionFailureBuilder.build(AssertionFailureBuilder.java:151)
	at org.junit.jupiter.api.AssertionFailureBuilder.buildAndThrow(AssertionFailureBuilder.java:132)
	at org.junit.jupiter.api.AssertTrue.failNotTrue(AssertTrue.java:63)
	at org.junit.jupiter.api.AssertTrue.assertTrue(AssertTrue.java:36)
	at org.junit.jupiter.api.AssertTrue.assertTrue(AssertTrue.java:31)
	at org.junit.jupiter.api.Assertions.assertTrue(Assertions.java:183)
	at integration.UserApiIntegrationTest.testCreateUser(UserApiIntegrationTest.java:49)
	at java.base/java.lang.reflect.Method.invoke(Method.java:565)
	at java.base/java.util.ArrayList.forEach(ArrayList.java:1612)
	at java.base/java.util.ArrayList.forEach(ArrayList.java:1612)

integration.UserApiIntegrationTest.testGetUser -- Time elapsed: 0.007 s <<< ERROR!
java.net.SocketException: Unexpected end of file from server
	at java.base/sun.net.www.http.HttpClient.parseHTTPHeader(HttpClient.java:923)
	at java.base/sun.net.www.http.HttpClient.parseHTTP(HttpClient.java:727)
	at java.base/sun.net.www.http.HttpClient.parseHTTPHeader(HttpClient.java:920)
	at java.base/sun.net.www.http.HttpClient.parseHTTP(HttpClient.java:727)
	at java.base/sun.net.www.protocol.http.HttpURLConnection.getInputStream0(HttpURLConnection.java:1397)
	at java.base/sun.net.www.protocol.http.HttpURLConnection.getInputStream(HttpURLConnection.java:1307)
	at java.base/java.net.HttpURLConnection.getResponseCode(HttpURLConnection.java:493)
	at integration.UserApiIntegrationTest.testGetUser(UserApiIntegrationTest.java:68)
	at java.base/java.lang.reflect.Method.invoke(Method.java:565)
	at java.base/java.util.ArrayList.forEach(ArrayList.java:1612)
	at java.base/java.util.ArrayList.forEach(ArrayList.java:1612)

integration.UserApiIntegrationTest.testDeleteUser -- Time elapsed: 0.005 s <<< ERROR!
java.io.IOException: Server returned HTTP response code: 400 for URL: http://localhost:8080/users?email=Eugeny@Yandex.ru
	at java.base/jdk.internal.reflect.DirectConstructorHandleAccessor.newInstance(DirectConstructorHandleAccessor.java:62)
	at java.base/java.lang.reflect.Constructor.newInstanceWithCaller(Constructor.java:499)
	at java.base/java.lang.reflect.Constructor.newInstance(Constructor.java:483)
	at java.base/sun.net.www.protocol.http.HttpURLConnection.getChainedException(HttpURLConnection.java:1756)
	at java.base/sun.net.www.protocol.http.HttpURLConnection.getInputStream0(HttpURLConnection.java:1326)
	at java.base/sun.net.www.protocol.http.HttpURLConnection.getInputStream(HttpURLConnection.java:1307)
	at integration.UserApiIntegrationTest.testDeleteUser(UserApiIntegrationTest.java:104)
	at java.base/java.lang.reflect.Method.invoke(Method.java:565)
	at java.base/java.util.ArrayList.forEach(ArrayList.java:1612)
	at java.base/java.util.ArrayList.forEach(ArrayList.java:1612)
Caused by: java.io.IOException: Server returned HTTP response code: 400 for URL: http://localhost:8080/users?email=Eugeny@Yandex.ru
	at java.base/sun.net.www.protocol.http.HttpURLConnection.getInputStream0(HttpURLConnection.java:1705)
	at java.base/sun.net.www.protocol.http.HttpURLConnection.getInputStream(HttpURLConnection.java:1307)
	at java.base/java.net.HttpURLConnection.getResponseCode(HttpURLConnection.java:493)
	at integration.UserApiIntegrationTest.testDeleteUser(UserApiIntegrationTest.java:97)
	... 3 more

